<?xml version="1.0" encoding="UTF-8"?>
<testng-results ignored="0" total="1" passed="1" failed="0" skipped="0">
  <reporter-output>
  </reporter-output>
  <suite started-at="2026-06-19T13:10:52 IST" name="Default suite" finished-at="2026-06-19T13:11:12 IST" duration-ms="19242">
    <groups>
    </groups>
    <test started-at="2026-06-19T13:10:52 IST" name="Default test" finished-at="2026-06-19T13:11:12 IST" duration-ms="19242">
      <class name="test.FormTest">
        <test-method is-config="true" signature="setup()[pri:0, instance:test.FormTest@1ddf84b8]" started-at="2026-06-19T13:10:52 IST" name="setup" finished-at="2026-06-19T13:11:03 IST" duration-ms="10439" status="PASS">
          <reporter-output>
          </reporter-output>
        </test-method> <!-- setup -->
        <test-method signature="testFullForm()[pri:0, instance:test.FormTest@1ddf84b8]" started-at="2026-06-19T13:11:03 IST" name="testFullForm" finished-at="2026-06-19T13:11:07 IST" duration-ms="4428" status="PASS">
          <reporter-output>
          </reporter-output>
        </test-method> <!-- testFullForm -->
        <test-method is-config="true" signature="tearDown()[pri:0, instance:test.FormTest@1ddf84b8]" started-at="2026-06-19T13:11:07 IST" name="tearDown" finished-at="2026-06-19T13:11:12 IST" duration-ms="4321" status="PASS">
          <reporter-output>
          </reporter-output>
        </test-method> <!-- tearDown -->
      </class> <!-- test.FormTest -->
    </test> <!-- Default test -->
  </suite> <!-- Default suite -->
</testng-results>
