<?xml version="1.0" encoding="UTF-8"?>
<testng-results ignored="0" total="1" passed="1" failed="0" skipped="0">
  <reporter-output>
  </reporter-output>
  <suite started-at="2026-06-18T18:47:28 IST" name="Default suite" finished-at="2026-06-18T18:47:48 IST" duration-ms="19696">
    <groups>
    </groups>
    <test started-at="2026-06-18T18:47:28 IST" name="Default test" finished-at="2026-06-18T18:47:48 IST" duration-ms="19696">
      <class name="test.FormTest">
        <test-method is-config="true" signature="setup()[pri:0, instance:test.FormTest@1ddf84b8]" started-at="2026-06-18T18:47:28 IST" name="setup" finished-at="2026-06-18T18:47:39 IST" duration-ms="10923" status="PASS">
          <reporter-output>
          </reporter-output>
        </test-method> <!-- setup -->
        <test-method signature="testFullForm()[pri:0, instance:test.FormTest@1ddf84b8]" started-at="2026-06-18T18:47:39 IST" name="testFullForm" finished-at="2026-06-18T18:47:44 IST" duration-ms="5164" status="PASS">
          <reporter-output>
          </reporter-output>
        </test-method> <!-- testFullForm -->
        <test-method is-config="true" signature="tearDown()[pri:0, instance:test.FormTest@1ddf84b8]" started-at="2026-06-18T18:47:44 IST" name="tearDown" finished-at="2026-06-18T18:47:48 IST" duration-ms="3552" status="PASS">
          <reporter-output>
          </reporter-output>
        </test-method> <!-- tearDown -->
      </class> <!-- test.FormTest -->
    </test> <!-- Default test -->
  </suite> <!-- Default suite -->
</testng-results>
